expected data generated...
file opened...
128
127 : 127
83 : 83
174 : 174
72 : 72
239 : 239
14 : 14
236 : 236
93 : 93
18 : 18
5 : 5
168 : 168
74 : 74
188 : 188
163 : 163
21 : 21
23 : 23
185 : 185
245 : 245
21 : 21
160 : 160
201 : 201
138 : 138
141 : 141
55 : 55
164 : 164
173 : 173
0 : 0
58 : 58
6 : 6
42 : 42
217 : 217
187 : 187
44 : 44
206 : 206
203 : 203
193 : 193
187 : 187
123 : 123
91 : 91
36 : 36
106 : 106
133 : 133
64 : 64
173 : 173
13 : 13
185 : 185
254 : 254
3 : 3
100 : 100
121 : 121
111 : 111
156 : 156
23 : 23
50 : 50
32 : 32
158 : 158
197 : 197
48 : 48
207 : 207
5 : 5
93 : 93
49 : 49
72 : 72
148 : 148
172 : 172
146 : 146
133 : 133
210 : 210
26 : 26
166 : 166
113 : 113
114 : 114
190 : 190
239 : 239
104 : 104
208 : 208
95 : 95
9 : 9
24 : 24
118 : 118
121 : 121
48 : 48
75 : 75
14 : 14
77 : 77
5 : 5
216 : 216
249 : 249
83 : 83
112 : 112
193 : 193
214 : 214
214 : 214
34 : 34
131 : 131
146 : 146
126 : 126
183 : 183
70 : 70
110 : 110
56 : 56
142 : 142
217 : 217
195 : 195
233 : 233
13 : 13
181 : 181
116 : 116
146 : 146
0 : 0
221 : 221
74 : 74
56 : 56
74 : 74
160 : 160
242 : 242
1 : 1
254 : 254
12 : 12
235 : 235
103 : 103
209 : 209
7 : 7
168 : 168
58 : 58
1 : 1
11 : 11
135 : 135
Passed!
